This file contains any messages produced by compilers while
running configure, to aid debugging if configure makes a mistake.

It was created by hello configure 1, which was
generated by GNU Autoconf 2.71.  Invocation command line was

  $ ./configure

## --------- ##
## Platform. ##
## --------- ##

hostname = 52bd3528ca2e
uname -m = aarch64
uname -r = 6.10.14-linuxkit
uname -s = Linux
uname -v = #1 SMP Tue Apr 15 16:00:54 UTC 2025

/usr/bin/uname -p = aarch64
/bin/uname -X     = unknown

/bin/arch              = aarch64
/usr/bin/arch -k       = unknown
/usr/convex/getsysinfo = unknown
/usr/bin/hostinfo      = unknown
/bin/machine           = unknown
/usr/bin/oslevel       = unknown
/bin/universe          = unknown

PATH: /usr/local/sbin/
PATH: /usr/local/bin/
PATH: /usr/sbin/
PATH: /usr/bin/
PATH: /sbin/
PATH: /bin/


## ----------- ##
## Core tests. ##
## ----------- ##

configure:2097: looking for aux files: compile missing install-sh
configure:2110:  trying ./
configure:2139:   ./compile found
configure:2139:   ./missing found
configure:2121:   ./install-sh found
configure:2273: checking for a BSD-compatible install
configure:2346: result: /usr/bin/install -c
configure:2357: checking whether build environment is sane
configure:2412: result: yes
configure:2571: checking for a race-free mkdir -p
configure:2615: result: /usr/bin/mkdir -p
configure:2622: checking for gawk
configure:2657: result: no
configure:2622: checking for mawk
configure:2643: found /usr/bin/mawk
configure:2654: result: mawk
configure:2665: checking whether make sets $(MAKE)
configure:2688: result: yes
configure:2718: checking whether make supports nested variables
configure:2736: result: yes
configure:2934: checking for gcc
configure:2966: result: clang
configure:3319: checking for C compiler version
configure:3328: clang --version >&5
Ubuntu clang version 14.0.0-1ubuntu1.1
Target: aarch64-unknown-linux-gnu
Thread model: posix
InstalledDir: /usr/bin
configure:3339: $? = 0
configure:3328: clang -v >&5
Ubuntu clang version 14.0.0-1ubuntu1.1
Target: aarch64-unknown-linux-gnu
Thread model: posix
InstalledDir: /usr/bin
Found candidate GCC installation: /usr/bin/../lib/gcc/aarch64-linux-gnu/11
Selected GCC installation: /usr/bin/../lib/gcc/aarch64-linux-gnu/11
Candidate multilib: .;@m64
Selected multilib: .;@m64
configure:3339: $? = 0
configure:3328: clang -V >&5
clang: error: argument to '-V' is missing (expected 1 value)
clang: error: no input files
configure:3339: $? = 1
configure:3328: clang -qversion >&5
clang: error: unknown argument '-qversion'; did you mean '--version'?
clang: error: no input files
configure:3339: $? = 1
configure:3328: clang -version >&5
clang: error: unknown argument '-version'; did you mean '--version'?
clang: error: no input files
configure:3339: $? = 1
configure:3359: checking whether the C compiler works
configure:3381: clang    conftest.c  >&5
configure:3385: $? = 0
configure:3435: result: yes
configure:3438: checking for C compiler default output file name
configure:3440: result: a.out
configure:3446: checking for suffix of executables
configure:3453: clang -o conftest    conftest.c  >&5
configure:3457: $? = 0
configure:3480: result: 
configure:3502: checking whether we are cross compiling
configure:3510: clang -o conftest    conftest.c  >&5
configure:3514: $? = 0
configure:3521: ./conftest
configure:3525: $? = 0
configure:3540: result: no
configure:3545: checking for suffix of object files
configure:3568: clang -c   conftest.c >&5
configure:3572: $? = 0
configure:3594: result: o
configure:3598: checking whether the compiler supports GNU C
configure:3618: clang -c   conftest.c >&5
configure:3618: $? = 0
configure:3628: result: yes
configure:3639: checking whether clang accepts -g
configure:3660: clang -c -g  conftest.c >&5
configure:3660: $? = 0
configure:3704: result: yes
configure:3724: checking for clang option to enable C11 features
configure:3739: clang  -c -g -O2  conftest.c >&5
configure:3739: $? = 0
configure:3757: result: none needed
configure:3873: checking whether clang understands -c and -o together
configure:3896: clang -c conftest.c -o conftest2.o
configure:3899: $? = 0
configure:3896: clang -c conftest.c -o conftest2.o
configure:3899: $? = 0
configure:3911: result: yes
configure:3931: checking whether make supports the include directive
configure:3946: make -f confmf.GNU && cat confinc.out
this is the am__doit target
configure:3949: $? = 0
configure:3968: result: yes (GNU style)
configure:3994: checking dependency style of clang
configure:4106: result: gcc3
configure:4233: checking that generated files are newer than configure
configure:4239: result: done
configure:4262: creating ./config.status

## ---------------------- ##
## Running config.status. ##
## ---------------------- ##

This file was extended by hello config.status 1, which was
generated by GNU Autoconf 2.71.  Invocation command line was

  CONFIG_FILES    = 
  CONFIG_HEADERS  = 
  CONFIG_LINKS    = 
  CONFIG_COMMANDS = 
  $ ./config.status 

on 52bd3528ca2e

config.status:836: creating Makefile
config.status:836: creating config.h
config.status:1065: executing depfiles commands
config.status:1142: cd .       && sed -e '/# am--include-marker/d' Makefile         | make -f - am--depfiles
config.status:1147: $? = 0

## ---------------- ##
## Cache variables. ##
## ---------------- ##

ac_cv_c_compiler_gnu=yes
ac_cv_env_CC_set=set
ac_cv_env_CC_value=clang
ac_cv_env_CFLAGS_set=
ac_cv_env_CFLAGS_value=
ac_cv_env_CPPFLAGS_set=
ac_cv_env_CPPFLAGS_value=
ac_cv_env_LDFLAGS_set=
ac_cv_env_LDFLAGS_value=
ac_cv_env_LIBS_set=
ac_cv_env_LIBS_value=
ac_cv_env_build_alias_set=
ac_cv_env_build_alias_value=
ac_cv_env_host_alias_set=
ac_cv_env_host_alias_value=
ac_cv_env_target_alias_set=
ac_cv_env_target_alias_value=
ac_cv_objext=o
ac_cv_path_install='/usr/bin/install -c'
ac_cv_path_mkdir=/usr/bin/mkdir
ac_cv_prog_AWK=mawk
ac_cv_prog_ac_ct_CC=clang
ac_cv_prog_cc_c11=
ac_cv_prog_cc_g=yes
ac_cv_prog_cc_stdc=
ac_cv_prog_make_make_set=yes
am_cv_CC_dependencies_compiler_type=gcc3
am_cv_make_support_nested_variables=yes
am_cv_prog_cc_c_o=yes

## ----------------- ##
## Output variables. ##
## ----------------- ##

ACLOCAL='${SHELL} '\''/app/src/shell/autodemo/missing'\'' aclocal-1.16'
AMDEPBACKSLASH='\'
AMDEP_FALSE='#'
AMDEP_TRUE=''
AMTAR='$${TAR-tar}'
AM_BACKSLASH='\'
AM_DEFAULT_V='$(AM_DEFAULT_VERBOSITY)'
AM_DEFAULT_VERBOSITY='1'
AM_V='$(V)'
AUTOCONF='${SHELL} '\''/app/src/shell/autodemo/missing'\'' autoconf'
AUTOHEADER='${SHELL} '\''/app/src/shell/autodemo/missing'\'' autoheader'
AUTOMAKE='${SHELL} '\''/app/src/shell/autodemo/missing'\'' automake-1.16'
AWK='mawk'
CC='clang'
CCDEPMODE='depmode=gcc3'
CFLAGS='-g -O2'
CPPFLAGS=''
CSCOPE='cscope'
CTAGS='ctags'
CYGPATH_W='echo'
DEFS='-DHAVE_CONFIG_H'
DEPDIR='.deps'
ECHO_C=''
ECHO_N='-n'
ECHO_T=''
ETAGS='etags'
EXEEXT=''
INSTALL_DATA='${INSTALL} -m 644'
INSTALL_PROGRAM='${INSTALL}'
INSTALL_SCRIPT='${INSTALL}'
INSTALL_STRIP_PROGRAM='$(install_sh) -c -s'
LDFLAGS=''
LIBOBJS=''
LIBS=''
LTLIBOBJS=''
MAKEINFO='${SHELL} '\''/app/src/shell/autodemo/missing'\'' makeinfo'
MKDIR_P='/usr/bin/mkdir -p'
OBJEXT='o'
PACKAGE='hello'
PACKAGE_BUGREPORT='/dev/null'
PACKAGE_NAME='hello'
PACKAGE_STRING='hello 1'
PACKAGE_TARNAME='hello'
PACKAGE_URL=''
PACKAGE_VERSION='1'
PATH_SEPARATOR=':'
SET_MAKE=''
SHELL='/bin/bash'
STRIP=''
VERSION='1'
ac_ct_CC='clang'
am__EXEEXT_FALSE=''
am__EXEEXT_TRUE='#'
am__fastdepCC_FALSE='#'
am__fastdepCC_TRUE=''
am__include='include'
am__isrc=''
am__leading_dot='.'
am__nodep='_no'
am__quote=''
am__tar='$${TAR-tar} chof - "$$tardir"'
am__untar='$${TAR-tar} xf -'
bindir='${exec_prefix}/bin'
build_alias=''
datadir='${datarootdir}'
datarootdir='${prefix}/share'
docdir='${datarootdir}/doc/${PACKAGE_TARNAME}'
dvidir='${docdir}'
exec_prefix='${prefix}'
host_alias=''
htmldir='${docdir}'
includedir='${prefix}/include'
infodir='${datarootdir}/info'
install_sh='${SHELL} /app/src/shell/autodemo/install-sh'
libdir='${exec_prefix}/lib'
libexecdir='${exec_prefix}/libexec'
localedir='${datarootdir}/locale'
localstatedir='${prefix}/var'
mandir='${datarootdir}/man'
mkdir_p='$(MKDIR_P)'
oldincludedir='/usr/include'
pdfdir='${docdir}'
prefix='/usr/local'
program_transform_name='s,x,x,'
psdir='${docdir}'
runstatedir='${localstatedir}/run'
sbindir='${exec_prefix}/sbin'
sharedstatedir='${prefix}/com'
sysconfdir='${prefix}/etc'
target_alias=''

## ----------- ##
## confdefs.h. ##
## ----------- ##

/* confdefs.h */
#define PACKAGE_NAME "hello"
#define PACKAGE_TARNAME "hello"
#define PACKAGE_VERSION "1"
#define PACKAGE_STRING "hello 1"
#define PACKAGE_BUGREPORT "/dev/null"
#define PACKAGE_URL ""
#define PACKAGE "hello"
#define VERSION "1"

configure: exit 0
